<?xml version="1.0" encoding="UTF-8"?>
<!-- Generated by org.testng.reporters.JUnitReportReporter -->
<testsuite hostname="DESKTOP-5R407E3" failures="0" tests="7" name="project.One.TestNG" time="0.092" errors="0" timestamp="05 Oct 2023 07:46:29 GMT" skipped="0">
  <testcase classname="project.One.TestNG" name="case3" time="0.013"/>
  <testcase classname="project.One.TestNG" name="case5" time="0.014"/>
  <testcase classname="project.One.TestNG" name="case2" time="0.013"/>
  <testcase classname="project.One.TestNG" name="case4" time="0.014"/>
  <testcase classname="project.One.TestNG" name="case7" time="0.020"/>
  <testcase classname="project.One.TestNG" name="case6" time="0.005"/>
  <testcase classname="project.One.TestNG" name="case1" time="0.013"/>
</testsuite> <!-- project.One.TestNG -->
